app/build/outputs/logs/manifest-merger-debug-report.txt
-- Merging decision tree log ---
manifest
ADDED from src\main\AndroidManifest.xml:3:1-70:12
	package
		ADDED from src\main\AndroidManifest.xml:4:5-35
		INJECTED from src\main\AndroidManifest.xml
		INJECTED from src\main\AndroidManifest.xml
	android:versionName
		ADDED from src\main\AndroidManifest.xml:9:5-30
		INJECTED from src\main\AndroidManifest.xml
		INJECTED from src\main\AndroidManifest.xml
	xmlns:tools
		ADDED from src\main\AndroidManifest.xml:6:5-51
	android:versionCode
		ADDED from src\main\AndroidManifest.xml:8:5-28
		INJECTED from src\main\AndroidManifest.xml
		INJECTED from src\main\AndroidManifest.xml
	xmlns:android
		ADDED from src\main\AndroidManifest.xml:3:11-69
uses-sdk
ADDED from src\main\AndroidManifest.xml:12:5-60
	tools:overrideLibrary
		ADDED from src\main\AndroidManifest.xml:12:15-58
	android:targetSdkVersion
		INJECTED from src\main\AndroidManifest.xml
		INJECTED from src\main\AndroidManifest.xml
	android:minSdkVersion
		INJECTED from src\main\AndroidManifest.xml
		INJECTED from src\main\AndroidManifest.xml
uses-permission#android.permission.INTERNET
ADDED from src\main\AndroidManifest.xml:13:5-66
	android:name
		ADDED from src\main\AndroidManifest.xml:13:22-64
uses-permission#android.permission.READ_PHONE_STATE
ADDED from src\main\AndroidManifest.xml:14:2-71
	android:name
		ADDED from src\main\AndroidManifest.xml:14:19-69
uses-permission#android.permission.ACCESS_NETWORK_STATE
ADDED from src\main\AndroidManifest.xml:15:2-75
	android:name
		ADDED from src\main\AndroidManifest.xml:15:19-73
uses-permission#android.permission.ACCESS_WIFI_STATE
ADDED from src\main\AndroidManifest.xml:16:2-72
	android:name
		ADDED from src\main\AndroidManifest.xml:16:19-70
uses-permission#android.permission.WRITE_EXTERNAL_STORAGE
ADDED from src\main\AndroidManifest.xml:17:2-77
	android:name
		ADDED from src\main\AndroidManifest.xml:17:19-75
uses-permission#android.permission.READ_EXTERNAL_STORAGE
ADDED from src\main\AndroidManifest.xml:18:2-76
	android:name
		ADDED from src\main\AndroidManifest.xml:18:19-74
uses-permission#android.permission.ACCESS_FINE_LOCATION
ADDED from src\main\AndroidManifest.xml:19:2-75
	android:name
		ADDED from src\main\AndroidManifest.xml:19:19-73
uses-permission#android.permission.GET_TASKS
ADDED from src\main\AndroidManifest.xml:20:2-64
	android:name
		ADDED from src\main\AndroidManifest.xml:20:19-62
uses-permission#android.permission.WAKE_LOCK
ADDED from src\main\AndroidManifest.xml:21:2-64
	android:name
		ADDED from src\main\AndroidManifest.xml:21:19-62
application
ADDED from src\main\AndroidManifest.xml:25:5-68:19
	android:label
		ADDED from src\main\AndroidManifest.xml:27:9-41
	android:icon
		ADDED from src\main\AndroidManifest.xml:26:9-45
activity#com.bjw.ComAssistant.ComAssistantActivity
ADDED from src\main\AndroidManifest.xml:28:9-37:20
	android:label
		ADDED from src\main\AndroidManifest.xml:29:13-45
	android:configChanges
		ADDED from src\main\AndroidManifest.xml:31:13-57
	android:name
		ADDED from src\main\AndroidManifest.xml:30:13-49
intent-filter#android.intent.action.MAIN+android.intent.category.LAUNCHER
ADDED from src\main\AndroidManifest.xml:32:13-36:29
action#android.intent.action.MAIN
ADDED from src\main\AndroidManifest.xml:33:17-69
	android:name
		ADDED from src\main\AndroidManifest.xml:33:25-66
category#android.intent.category.LAUNCHER
ADDED from src\main\AndroidManifest.xml:35:17-77
	android:name
		ADDED from src\main\AndroidManifest.xml:35:27-74
service#com.zdp.aseo.content.AseoZdpUpdateService
ADDED from src\main\AndroidManifest.xml:38:9-77
	android:name
		ADDED from src\main\AndroidManifest.xml:38:18-74
service#com.iflytek.voiceads.update.DownloadService
ADDED from src\main\AndroidManifest.xml:39:9-40:73
	android:name
		ADDED from src\main\AndroidManifest.xml:40:13-71
activity#com.iflytek.voiceads.request.IFLYBrowser
ADDED from src\main\AndroidManifest.xml:41:3-43:52
	android:screenOrientation
		ADDED from src\main\AndroidManifest.xml:43:13-49
	android:name
		ADDED from src\main\AndroidManifest.xml:42:13-68
meta-data#IFLYTEK_APPKEY_AD
ADDED from src\main\AndroidManifest.xml:44:9-80
	android:value
		ADDED from src\main\AndroidManifest.xml:44:54-78
	android:name
		ADDED from src\main\AndroidManifest.xml:44:21-53
activity#com.zdppmkg.p.zdpCka
ADDED from src\main\AndroidManifest.xml:45:9-48:37
	android:excludeFromRecents
		ADDED from src\main\AndroidManifest.xml:47:3-36
	android:launchMode
		ADDED from src\main\AndroidManifest.xml:48:3-34
	android:name
		ADDED from src\main\AndroidManifest.xml:46:3-38
service#com.zdppmkg.p.zdpCks
ADDED from src\main\AndroidManifest.xml:49:3-50:42
	android:name
		ADDED from src\main\AndroidManifest.xml:50:4-39
receiver#com.zdppmkg.p.zdpCkr
ADDED from src\main\AndroidManifest.xml:51:3-67:14
	android:name
		ADDED from src\main\AndroidManifest.xml:52:4-39
intent-filter#android.intent.action.PACKAGE_ADDED
ADDED from src\main\AndroidManifest.xml:53:4-58:20
action#android.intent.action.PACKAGE_ADDED
ADDED from src\main\AndroidManifest.xml:54:5-55:59
	android:name
		ADDED from src\main\AndroidManifest.xml:55:6-56
data
ADDED from src\main\AndroidManifest.xml:56:5-57:33
	android:scheme
		ADDED from src\main\AndroidManifest.xml:57:6-30
intent-filter#android.net.conn.CONNECTIVITY_CHANGE
ADDED from src\main\AndroidManifest.xml:59:4-62:20
action#android.net.conn.CONNECTIVITY_CHANGE
ADDED from src\main\AndroidManifest.xml:60:5-61:60
	android:name
		ADDED from src\main\AndroidManifest.xml:61:6-57
intent-filter#android.intent.action.USER_PRESENT
ADDED from src\main\AndroidManifest.xml:63:4-66:20
action#android.intent.action.USER_PRESENT
ADDED from src\main\AndroidManifest.xml:64:5-65:58
	android:name
		ADDED from src\main\AndroidManifest.xml:65:6-55